2024-06-20 16:57:33,627 - INFO - Config loaded: {'minimum_chests': {'quest1': 5, 'quest2': 5, 'quest3': 5, 'quest4': 10}, 'chest_type': {'quest1': 'artifact chest', 'quest2': 'artifact chest', 'quest3': 'artifact chest', 'quest4': 'diamond chest'}, 'delay': 0.2, 'start_keybind': 'F2', 'kill_keybind': 'F3'}
2024-06-20 16:57:33,627 - INFO - Regions loaded: {'regions': {'quest1': [938, 350, 1086, 401], 'quest2': [940, 446, 1082, 496], 'quest3': [941, 545, 1084, 594], 'quest4': [938, 642, 1082, 694]}, 'buttons': {'reroll1': [805, 398], 'reroll2': [804, 493], 'reroll3': [803, 594], 'reroll4': [801, 685]}}
2024-06-20 16:57:34,628 - INFO -  > niepogoda's reroll script < 
2024-06-20 16:57:34,629 - INFO - Script loaded! Press F2 to start rerolling. Press F3 to exit.
2024-06-20 16:57:36,774 - INFO - Successfully read quest 1 content: [88] Diamond Chest

2024-06-20 16:57:36,775 - INFO - Filtered result for quest 1: ['0']
2024-06-20 16:57:36,775 - INFO - Found 0 artifact chest in quest 1
2024-06-20 16:57:37,088 - INFO - Rerolling chest 1... Waiting for contents to refresh...
2024-06-20 16:57:37,673 - INFO - Successfully read quest 1 content: [88] Diamond Chest

2024-06-20 16:57:37,673 - INFO - Filtered result for quest 1: ['0']
2024-06-20 16:57:37,674 - INFO - Found 0 artifact chest in quest 1
2024-06-20 16:57:37,980 - INFO - Rerolling chest 1... Waiting for contents to refresh...
2024-06-20 16:57:38,540 - INFO - Successfully read quest 1 content: [88] Diamond Chest

2024-06-20 16:57:38,540 - INFO - Filtered result for quest 1: ['0']
2024-06-20 16:57:38,541 - INFO - Found 0 artifact chest in quest 1
2024-06-20 16:57:38,845 - INFO - Rerolling chest 1... Waiting for contents to refresh...
2024-06-20 16:57:39,407 - INFO - Successfully read quest 1 content: [88] Diamond Chest

2024-06-20 16:57:39,408 - INFO - Filtered result for quest 1: ['0']
2024-06-20 16:57:39,408 - INFO - Found 0 artifact chest in quest 1
2024-06-20 16:57:39,712 - INFO - Rerolling chest 1... Waiting for contents to refresh...
2024-06-20 16:57:40,269 - INFO - Successfully read quest 1 content: [88] Diamond Chest

2024-06-20 16:57:40,269 - INFO - Filtered result for quest 1: ['0']
2024-06-20 16:57:40,271 - INFO - Found 0 artifact chest in quest 1
2024-06-20 16:57:40,579 - INFO - Rerolling chest 1... Waiting for contents to refresh...
2024-06-20 16:57:41,145 - INFO - Successfully read quest 1 content: [23] Artifact Chest
[65] Diamond Chest

2024-06-20 16:57:41,145 - INFO - Filtered result for quest 1: ['23']
2024-06-20 16:57:41,147 - INFO - Found 23 artifact chest in quest 1
2024-06-20 16:57:41,147 - INFO - Quest 1 has enough chests: 23
2024-06-20 16:57:41,525 - INFO - Successfully read quest 2 content: [88] Diamond Chest

2024-06-20 16:57:41,526 - INFO - Filtered result for quest 2: ['0']
2024-06-20 16:57:41,527 - INFO - Found 0 artifact chest in quest 2
2024-06-20 16:57:41,839 - INFO - Rerolling chest 2... Waiting for contents to refresh...
2024-06-20 16:57:42,377 - INFO - Successfully read quest 2 content: [88] Diamond Chest

2024-06-20 16:57:42,377 - INFO - Filtered result for quest 2: ['0']
2024-06-20 16:57:42,378 - INFO - Found 0 artifact chest in quest 2
2024-06-20 16:57:42,689 - INFO - Rerolling chest 2... Waiting for contents to refresh...
2024-06-20 16:57:43,242 - INFO - Successfully read quest 2 content: [27] Artifact Chest
[62] Diamond Chest

2024-06-20 16:57:43,243 - INFO - Filtered result for quest 2: ['27']
2024-06-20 16:57:43,246 - INFO - Found 27 artifact chest in quest 2
2024-06-20 16:57:43,247 - INFO - Quest 2 has enough chests: 27
2024-06-20 16:57:43,622 - INFO - Successfully read quest 3 content: [88] Diamond Chest

2024-06-20 16:57:43,622 - INFO - Filtered result for quest 3: ['0']
2024-06-20 16:57:43,625 - INFO - Found 0 artifact chest in quest 3
2024-06-20 16:57:43,940 - INFO - Rerolling chest 3... Waiting for contents to refresh...
2024-06-20 16:57:44,492 - INFO - Successfully read quest 3 content: [88] Diamond Chest

2024-06-20 16:57:44,493 - INFO - Filtered result for quest 3: ['0']
2024-06-20 16:57:44,494 - INFO - Found 0 artifact chest in quest 3
2024-06-20 16:57:44,805 - INFO - Rerolling chest 3... Waiting for contents to refresh...
2024-06-20 16:57:45,370 - INFO - Successfully read quest 3 content: [88] Diamond Chest

2024-06-20 16:57:45,371 - INFO - Filtered result for quest 3: ['0']
2024-06-20 16:57:45,373 - INFO - Found 0 artifact chest in quest 3
2024-06-20 16:57:45,680 - INFO - Rerolling chest 3... Waiting for contents to refresh...
2024-06-20 16:57:46,229 - INFO - Successfully read quest 3 content: [88] Diamond Chest

2024-06-20 16:57:46,229 - INFO - Filtered result for quest 3: ['0']
2024-06-20 16:57:46,231 - INFO - Found 0 artifact chest in quest 3
2024-06-20 16:57:46,540 - INFO - Rerolling chest 3... Waiting for contents to refresh...
2024-06-20 16:57:47,092 - INFO - Successfully read quest 3 content: [88] Diamond Chest

2024-06-20 16:57:47,092 - INFO - Filtered result for quest 3: ['0']
2024-06-20 16:57:47,093 - INFO - Found 0 artifact chest in quest 3
2024-06-20 16:57:47,398 - INFO - Rerolling chest 3... Waiting for contents to refresh...
2024-06-20 16:57:47,944 - INFO - Successfully read quest 3 content: [88] Diamond Chest

2024-06-20 16:57:47,944 - INFO - Filtered result for quest 3: ['0']
2024-06-20 16:57:47,946 - INFO - Found 0 artifact chest in quest 3
2024-06-20 16:57:48,256 - INFO - Rerolling chest 3... Waiting for contents to refresh...
2024-06-20 16:57:48,805 - INFO - Successfully read quest 3 content: [88] Diamond Chest

2024-06-20 16:57:48,805 - INFO - Filtered result for quest 3: ['0']
2024-06-20 16:57:48,806 - INFO - Found 0 artifact chest in quest 3
2024-06-20 16:57:49,115 - INFO - Rerolling chest 3... Waiting for contents to refresh...
2024-06-20 16:57:49,682 - INFO - Successfully read quest 3 content: [23] Artifact Chest
[65] Diamond Chest

2024-06-20 16:57:49,683 - INFO - Filtered result for quest 3: ['23']
2024-06-20 16:57:49,684 - INFO - Found 23 artifact chest in quest 3
2024-06-20 16:57:49,684 - INFO - Quest 3 has enough chests: 23
2024-06-20 16:57:50,048 - INFO - Successfully read quest 4 content: [20] Diamond Chest

2024-06-20 16:57:50,048 - INFO - Filtered result for quest 4: ['20']
2024-06-20 16:57:50,049 - INFO - Found 20 diamond chest in quest 4
2024-06-20 16:57:50,050 - INFO - Quest 4 has enough chests: 20
